2025-05-14T21:08:24.332+02:00  INFO 5444 --- [donations] [main] c.d.d.s.event.unit.EventServiceTest      : Starting EventServiceTest using Java 18.0.1.1 with PID 5444 (started by Amelia in C:\Users\Amelia\Downloads\donations\donations)
2025-05-14T21:08:24.347+02:00  INFO 5444 --- [donations] [main] c.d.d.s.event.unit.EventServiceTest      : No active profile set, falling back to 1 default profile: "default"
2025-05-14T21:08:26.037+02:00  INFO 5444 --- [donations] [main] .s.d.r.c.RepositoryConfigurationDelegate : Bootstrapping Spring Data JPA repositories in DEFAULT mode.
2025-05-14T21:08:26.143+02:00  INFO 5444 --- [donations] [main] .s.d.r.c.RepositoryConfigurationDelegate : Finished Spring Data repository scanning in 86 ms. Found 2 JPA repository interfaces.
2025-05-14T21:08:27.261+02:00  INFO 5444 --- [donations] [main] o.hibernate.jpa.internal.util.LogHelper  : HHH000204: Processing PersistenceUnitInfo [name: default]
2025-05-14T21:08:27.392+02:00  INFO 5444 --- [donations] [main] org.hibernate.Version                    : HHH000412: Hibernate ORM core version 6.6.13.Final
2025-05-14T21:08:27.462+02:00  INFO 5444 --- [donations] [main] o.h.c.internal.RegionFactoryInitiator    : HHH000026: Second-level cache disabled
2025-05-14T21:08:28.094+02:00  INFO 5444 --- [donations] [main] o.s.o.j.p.SpringPersistenceUnitInfo      : No LoadTimeWeaver setup: ignoring JPA class transformer
2025-05-14T21:08:28.174+02:00  INFO 5444 --- [donations] [main] com.zaxxer.hikari.HikariDataSource       : HikariPool-1 - Starting...
2025-05-14T21:08:28.490+02:00  INFO 5444 --- [donations] [main] com.zaxxer.hikari.pool.HikariPool        : HikariPool-1 - Added connection conn0: url=jdbc:h2:mem:testdb user=SA
2025-05-14T21:08:28.494+02:00  INFO 5444 --- [donations] [main] com.zaxxer.hikari.HikariDataSource       : HikariPool-1 - Start completed.
2025-05-14T21:08:28.526+02:00  WARN 5444 --- [donations] [main] org.hibernate.orm.deprecation            : HHH90000025: H2Dialect does not need to be specified explicitly using 'hibernate.dialect' (remove the property setting and it will be selected by default)
2025-05-14T21:08:28.564+02:00  INFO 5444 --- [donations] [main] org.hibernate.orm.connections.pooling    : HHH10001005: Database info:
	Database JDBC URL [Connecting through datasource 'HikariDataSource (HikariPool-1)']
	Database driver: undefined/unknown
	Database version: 2.3.232
	Autocommit mode: undefined/unknown
	Isolation level: undefined/unknown
	Minimum pool size: undefined/unknown
	Maximum pool size: undefined/unknown
2025-05-14T21:08:29.707+02:00  INFO 5444 --- [donations] [main] o.h.e.t.j.p.i.JtaPlatformInitiator       : HHH000489: No JTA platform available (set 'hibernate.transaction.jta.platform' to enable JTA platform integration)
2025-05-14T21:08:29.806+02:00  INFO 5444 --- [donations] [main] j.LocalContainerEntityManagerFactoryBean : Initialized JPA EntityManagerFactory for persistence unit 'default'
2025-05-14T21:08:30.935+02:00  WARN 5444 --- [donations] [main] JpaBaseConfiguration$JpaWebConfiguration : spring.jpa.open-in-view is enabled by default. Therefore, database queries may be performed during view rendering. Explicitly configure spring.jpa.open-in-view to disable this warning
2025-05-14T21:08:32.521+02:00  INFO 5444 --- [donations] [main] o.s.b.a.h2.H2ConsoleAutoConfiguration    : H2 console available at '/h2-console'. Database available at 'jdbc:h2:mem:testdb'
2025-05-14T21:08:32.623+02:00  INFO 5444 --- [donations] [main] o.s.b.a.e.web.EndpointLinksResolver      : Exposing 1 endpoint beneath base path '/actuator'
2025-05-14T21:08:32.800+02:00  INFO 5444 --- [donations] [main] c.d.d.s.event.unit.EventServiceTest      : Started EventServiceTest in 9.091 seconds (process running for 10.942)
2025-05-14T21:08:34.522+02:00  INFO 5444 --- [donations] [SpringApplicationShutdownHook] j.LocalContainerEntityManagerFactoryBean : Closing JPA EntityManagerFactory for persistence unit 'default'
2025-05-14T21:08:34.527+02:00  INFO 5444 --- [donations] [SpringApplicationShutdownHook] com.zaxxer.hikari.HikariDataSource       : HikariPool-1 - Shutdown initiated...
2025-05-14T21:08:34.535+02:00  INFO 5444 --- [donations] [SpringApplicationShutdownHook] com.zaxxer.hikari.HikariDataSource       : HikariPool-1 - Shutdown completed.
